d:\prog\component placer\release\vc142.pdb
d:\prog\component placer\release\.netframework,version=v4.7.2.assemblyattributes.obj
d:\prog\component placer\release\main.obj
d:\prog\component placer\release\form1.obj
d:\prog\component placer\release\component_placer.form1.resources
d:\prog\component placer\release\component placer.exe
d:\prog\component placer\release\component placer.pdb
d:\prog\component placer\release\icon.res
d:\prog\component placer\release\component placer.exe.metagen
d:\prog\component placer\release\component placer.tlog\cl.command.1.tlog
d:\prog\component placer\release\component placer.tlog\cl.read.1.tlog
d:\prog\component placer\release\component placer.tlog\cl.write.1.tlog
d:\prog\component placer\release\component placer.tlog\component placer.write.1u.tlog
d:\prog\component placer\release\component placer.tlog\link.command.1.tlog
d:\prog\component placer\release\component placer.tlog\link.read.1.tlog
d:\prog\component placer\release\component placer.tlog\link.write.1.tlog
d:\prog\component placer\release\component placer.tlog\metagen.read.1.tlog
d:\prog\component placer\release\component placer.tlog\metagen.write.1.tlog
d:\prog\component placer\release\component placer.tlog\rc.command.1.tlog
d:\prog\component placer\release\component placer.tlog\rc.read.1.tlog
d:\prog\component placer\release\component placer.tlog\rc.write.1.tlog
